<?xml version="1.0" encoding="UTF-8"?>
<testng-results ignored="0" total="1" passed="1" failed="0" skipped="0">
  <reporter-output>
  </reporter-output>
  <suite started-at="2026-02-26T14:30:55 IST" name="Default suite" finished-at="2026-02-26T14:30:56 IST" duration-ms="354">
    <groups>
    </groups>
    <test started-at="2026-02-26T14:30:55 IST" name="Default test" finished-at="2026-02-26T14:30:56 IST" duration-ms="354">
      <class name="coreJava.PS1">
        <test-method is-config="true" signature="beforeRun()[pri:0, instance:coreJava.PS1@79e2c065]" started-at="2026-02-26T14:30:55 IST" name="beforeRun" finished-at="2026-02-26T14:30:55 IST" duration-ms="37" status="PASS">
          <reporter-output>
          </reporter-output>
        </test-method> <!-- beforeRun -->
        <test-method signature="testRun()[pri:0, instance:coreJava.PS1@79e2c065]" started-at="2026-02-26T14:30:55 IST" name="testRun" finished-at="2026-02-26T14:30:55 IST" duration-ms="22" status="PASS">
          <reporter-output>
          </reporter-output>
        </test-method> <!-- testRun -->
        <test-method is-config="true" signature="afterRun()[pri:0, instance:coreJava.PS1@79e2c065]" started-at="2026-02-26T14:30:56 IST" name="afterRun" finished-at="2026-02-26T14:30:56 IST" duration-ms="5" status="PASS">
          <reporter-output>
          </reporter-output>
        </test-method> <!-- afterRun -->
      </class> <!-- coreJava.PS1 -->
    </test> <!-- Default test -->
  </suite> <!-- Default suite -->
</testng-results>
